30-Mar-2024 15:50:14.446 INFO [main] org.apache.catalina.startup.VersionLoggerListener.log Server version name:   Apache Tomcat/10.1.20
30-Mar-2024 15:50:14.450 INFO [main] org.apache.catalina.startup.VersionLoggerListener.log Server built:          Mar 19 2024 12:49:58 UTC
30-Mar-2024 15:50:14.450 INFO [main] org.apache.catalina.startup.VersionLoggerListener.log Server version number: 10.1.20.0
30-Mar-2024 15:50:14.450 INFO [main] org.apache.catalina.startup.VersionLoggerListener.log OS Name:               Windows 10
30-Mar-2024 15:50:14.450 INFO [main] org.apache.catalina.startup.VersionLoggerListener.log OS Version:            10.0
30-Mar-2024 15:50:14.450 INFO [main] org.apache.catalina.startup.VersionLoggerListener.log Architecture:          amd64
30-Mar-2024 15:50:14.450 INFO [main] org.apache.catalina.startup.VersionLoggerListener.log Java Home:             C:\Program Files\Java\jdk-17
30-Mar-2024 15:50:14.451 INFO [main] org.apache.catalina.startup.VersionLoggerListener.log JVM Version:           17.0.8+9-LTS-211
30-Mar-2024 15:50:14.451 INFO [main] org.apache.catalina.startup.VersionLoggerListener.log JVM Vendor:            Oracle Corporation
30-Mar-2024 15:50:14.451 INFO [main] org.apache.catalina.startup.VersionLoggerListener.log CATALINA_BASE:         E:\Lessons\Java-lessons\java lessons\HW10\catalina
30-Mar-2024 15:50:14.451 INFO [main] org.apache.catalina.startup.VersionLoggerListener.log CATALINA_HOME:         E:\tomcat
30-Mar-2024 15:50:14.461 INFO [main] org.apache.catalina.startup.VersionLoggerListener.log Command line argument: --add-opens=java.base/java.lang=ALL-UNNAMED
30-Mar-2024 15:50:14.461 INFO [main] org.apache.catalina.startup.VersionLoggerListener.log Command line argument: --add-opens=java.base/java.io=ALL-UNNAMED
30-Mar-2024 15:50:14.461 INFO [main] org.apache.catalina.startup.VersionLoggerListener.log Command line argument: --add-opens=java.base/java.util=ALL-UNNAMED
30-Mar-2024 15:50:14.461 INFO [main] org.apache.catalina.startup.VersionLoggerListener.log Command line argument: --add-opens=java.base/java.util.concurrent=ALL-UNNAMED
30-Mar-2024 15:50:14.461 INFO [main] org.apache.catalina.startup.VersionLoggerListener.log Command line argument: --add-opens=java.rmi/sun.rmi.transport=ALL-UNNAMED
30-Mar-2024 15:50:14.461 INFO [main] org.apache.catalina.startup.VersionLoggerListener.log Command line argument: -Dcatalina.home=E:\tomcat
30-Mar-2024 15:50:14.461 INFO [main] org.apache.catalina.startup.VersionLoggerListener.log Command line argument: -Dcatalina.base=E:\Lessons\Java-lessons\java lessons\HW10\catalina
30-Mar-2024 15:50:14.461 INFO [main] org.apache.catalina.startup.VersionLoggerListener.log Command line argument: -Djava.io.tmpdir=E:\Lessons\Java-lessons\java lessons\HW10\catalina\temp
30-Mar-2024 15:50:14.462 INFO [main] org.apache.catalina.startup.VersionLoggerListener.log Command line argument: -Djava.util.logging.config.file=E:\Lessons\Java-lessons\java lessons\HW10\catalina\conf\logging.properties
30-Mar-2024 15:50:14.462 INFO [main] org.apache.catalina.startup.VersionLoggerListener.log Command line argument: -Djava.util.logging.manager=org.apache.juli.ClassLoaderLogManager
30-Mar-2024 15:50:14.462 INFO [main] org.apache.catalina.startup.VersionLoggerListener.log Command line argument: -javaagent:E:\progs\IntelliJ IDEA\IntelliJ IDEA Community Edition 2023.3\lib\idea_rt.jar=55542:E:\progs\IntelliJ IDEA\IntelliJ IDEA Community Edition 2023.3\bin
30-Mar-2024 15:50:14.462 INFO [main] org.apache.catalina.startup.VersionLoggerListener.log Command line argument: -Dfile.encoding=UTF-8
30-Mar-2024 15:50:14.471 INFO [main] org.apache.catalina.core.AprLifecycleListener.lifecycleEvent The Apache Tomcat Native library which allows using OpenSSL was not found on the java.library.path: [C:\Program Files\Java\jdk-17\bin;C:\Windows\Sun\Java\bin;C:\Windows\system32;C:\Windows;C:\Program Files\Common Files\Oracle\Java\javapath;C:\ProgramData\Oracle\Java\javapath;C:\Windows\system32;C:\Windows;C:\Windows\System32\Wbem;C:\Windows\System32\WindowsPowerShell\v1.0\;C:\Windows\System32\OpenSSH\;C:\Program Files (x86)\dotnet\;C:\Program Files\Java\jdk-17\\bin;E:\progs\MavenApache\apache-maven-3.9.6\bin;E:\progs\Gradle\gradle-8.5-all\gradle-8.5\bin;;C:\Program Files\Docker\Docker\resources\bin;C:\Users\Аліна\AppData\Local\Microsoft\WindowsApps;E:\приватка\GenshinAttributes-20220607T194157Z-001\Fiddler;E:\вектор\Microsoft VS Code\bin;C:\Users\Аліна\AppData\Local\GitHubDesktop\bin;C:\Users\Аліна\AppData\Local\Programs\Git\cmd;.]
30-Mar-2024 15:50:14.656 INFO [main] org.apache.coyote.AbstractProtocol.init Initializing ProtocolHandler ["http-nio-8080"]
30-Mar-2024 15:50:14.673 INFO [main] org.apache.catalina.startup.Catalina.load Server initialization in [387] milliseconds
30-Mar-2024 15:50:14.720 INFO [main] org.apache.catalina.core.StandardService.startInternal Starting service [Catalina]
30-Mar-2024 15:50:14.720 INFO [main] org.apache.catalina.core.StandardEngine.startInternal Starting Servlet engine: [Apache Tomcat/10.1.20]
30-Mar-2024 15:50:14.735 INFO [main] org.apache.catalina.startup.HostConfig.deployDescriptor Deploying deployment descriptor [E:\Lessons\Java-lessons\java lessons\HW10\catalina\conf\Catalina\localhost\test.xml]
30-Mar-2024 15:50:15.101 INFO [main] org.apache.catalina.startup.HostConfig.deployDescriptor Deployment of deployment descriptor [E:\Lessons\Java-lessons\java lessons\HW10\catalina\conf\Catalina\localhost\test.xml] has finished in [366] ms
30-Mar-2024 15:50:15.106 INFO [main] org.apache.coyote.AbstractProtocol.start Starting ProtocolHandler ["http-nio-8080"]
30-Mar-2024 15:50:15.153 INFO [main] org.apache.catalina.startup.Catalina.start Server startup in [480] milliseconds
30-Mar-2024 15:50:18.152 INFO [Thread-1] org.apache.coyote.AbstractProtocol.pause Pausing ProtocolHandler ["http-nio-8080"]
30-Mar-2024 15:50:18.160 INFO [Thread-1] org.apache.catalina.core.StandardService.stopInternal Stopping service [Catalina]
30-Mar-2024 15:50:18.167 INFO [Thread-1] org.apache.coyote.AbstractProtocol.stop Stopping ProtocolHandler ["http-nio-8080"]
30-Mar-2024 15:50:18.171 INFO [Thread-1] org.apache.coyote.AbstractProtocol.destroy Destroying ProtocolHandler ["http-nio-8080"]
30-Mar-2024 16:29:36.502 INFO [main] org.apache.catalina.startup.VersionLoggerListener.log Server version name:   Apache Tomcat/10.1.20
30-Mar-2024 16:29:36.506 INFO [main] org.apache.catalina.startup.VersionLoggerListener.log Server built:          Mar 19 2024 12:49:58 UTC
30-Mar-2024 16:29:36.506 INFO [main] org.apache.catalina.startup.VersionLoggerListener.log Server version number: 10.1.20.0
30-Mar-2024 16:29:36.507 INFO [main] org.apache.catalina.startup.VersionLoggerListener.log OS Name:               Windows 10
30-Mar-2024 16:29:36.507 INFO [main] org.apache.catalina.startup.VersionLoggerListener.log OS Version:            10.0
30-Mar-2024 16:29:36.507 INFO [main] org.apache.catalina.startup.VersionLoggerListener.log Architecture:          amd64
30-Mar-2024 16:29:36.507 INFO [main] org.apache.catalina.startup.VersionLoggerListener.log Java Home:             C:\Program Files\Java\jdk-17
30-Mar-2024 16:29:36.507 INFO [main] org.apache.catalina.startup.VersionLoggerListener.log JVM Version:           17.0.8+9-LTS-211
30-Mar-2024 16:29:36.507 INFO [main] org.apache.catalina.startup.VersionLoggerListener.log JVM Vendor:            Oracle Corporation
30-Mar-2024 16:29:36.507 INFO [main] org.apache.catalina.startup.VersionLoggerListener.log CATALINA_BASE:         E:\Lessons\Java-lessons\java lessons\HW10\catalina
30-Mar-2024 16:29:36.507 INFO [main] org.apache.catalina.startup.VersionLoggerListener.log CATALINA_HOME:         E:\tomcat
30-Mar-2024 16:29:36.515 INFO [main] org.apache.catalina.startup.VersionLoggerListener.log Command line argument: --add-opens=java.base/java.lang=ALL-UNNAMED
30-Mar-2024 16:29:36.515 INFO [main] org.apache.catalina.startup.VersionLoggerListener.log Command line argument: --add-opens=java.base/java.io=ALL-UNNAMED
30-Mar-2024 16:29:36.516 INFO [main] org.apache.catalina.startup.VersionLoggerListener.log Command line argument: --add-opens=java.base/java.util=ALL-UNNAMED
30-Mar-2024 16:29:36.516 INFO [main] org.apache.catalina.startup.VersionLoggerListener.log Command line argument: --add-opens=java.base/java.util.concurrent=ALL-UNNAMED
30-Mar-2024 16:29:36.516 INFO [main] org.apache.catalina.startup.VersionLoggerListener.log Command line argument: --add-opens=java.rmi/sun.rmi.transport=ALL-UNNAMED
30-Mar-2024 16:29:36.516 INFO [main] org.apache.catalina.startup.VersionLoggerListener.log Command line argument: -Dcatalina.home=E:\tomcat
30-Mar-2024 16:29:36.516 INFO [main] org.apache.catalina.startup.VersionLoggerListener.log Command line argument: -Dcatalina.base=E:\Lessons\Java-lessons\java lessons\HW10\catalina
30-Mar-2024 16:29:36.516 INFO [main] org.apache.catalina.startup.VersionLoggerListener.log Command line argument: -Djava.io.tmpdir=E:\Lessons\Java-lessons\java lessons\HW10\catalina\temp
30-Mar-2024 16:29:36.516 INFO [main] org.apache.catalina.startup.VersionLoggerListener.log Command line argument: -Djava.util.logging.config.file=E:\Lessons\Java-lessons\java lessons\HW10\catalina\conf\logging.properties
30-Mar-2024 16:29:36.516 INFO [main] org.apache.catalina.startup.VersionLoggerListener.log Command line argument: -Djava.util.logging.manager=org.apache.juli.ClassLoaderLogManager
30-Mar-2024 16:29:36.517 INFO [main] org.apache.catalina.startup.VersionLoggerListener.log Command line argument: -javaagent:E:\progs\IntelliJ IDEA\IntelliJ IDEA Community Edition 2023.3\lib\idea_rt.jar=56197:E:\progs\IntelliJ IDEA\IntelliJ IDEA Community Edition 2023.3\bin
30-Mar-2024 16:29:36.517 INFO [main] org.apache.catalina.startup.VersionLoggerListener.log Command line argument: -Dfile.encoding=UTF-8
30-Mar-2024 16:29:36.527 INFO [main] org.apache.catalina.core.AprLifecycleListener.lifecycleEvent The Apache Tomcat Native library which allows using OpenSSL was not found on the java.library.path: [C:\Program Files\Java\jdk-17\bin;C:\Windows\Sun\Java\bin;C:\Windows\system32;C:\Windows;C:\Program Files\Common Files\Oracle\Java\javapath;C:\ProgramData\Oracle\Java\javapath;C:\Windows\system32;C:\Windows;C:\Windows\System32\Wbem;C:\Windows\System32\WindowsPowerShell\v1.0\;C:\Windows\System32\OpenSSH\;C:\Program Files (x86)\dotnet\;C:\Program Files\Java\jdk-17\\bin;E:\progs\MavenApache\apache-maven-3.9.6\bin;E:\progs\Gradle\gradle-8.5-all\gradle-8.5\bin;;C:\Program Files\Docker\Docker\resources\bin;C:\Users\Аліна\AppData\Local\Microsoft\WindowsApps;E:\приватка\GenshinAttributes-20220607T194157Z-001\Fiddler;E:\вектор\Microsoft VS Code\bin;C:\Users\Аліна\AppData\Local\GitHubDesktop\bin;C:\Users\Аліна\AppData\Local\Programs\Git\cmd;.]
30-Mar-2024 16:29:36.723 INFO [main] org.apache.coyote.AbstractProtocol.init Initializing ProtocolHandler ["http-nio-8080"]
30-Mar-2024 16:29:36.735 SEVERE [main] org.apache.catalina.util.LifecycleBase.handleSubClassException Failed to initialize component [Connector["http-nio-8080"]]
	org.apache.catalina.LifecycleException: Protocol handler initialization failed
		at org.apache.catalina.connector.Connector.initInternal(Connector.java:1016)
		at org.apache.catalina.util.LifecycleBase.init(LifecycleBase.java:127)
		at org.apache.catalina.core.StandardService.initInternal(StandardService.java:554)
		at org.apache.catalina.util.LifecycleBase.init(LifecycleBase.java:127)
		at org.apache.catalina.core.StandardServer.initInternal(StandardServer.java:1017)
		at org.apache.catalina.util.LifecycleBase.init(LifecycleBase.java:127)
		at org.apache.catalina.startup.Catalina.load(Catalina.java:708)
		at org.apache.catalina.startup.Catalina.load(Catalina.java:731)
		at java.base/jdk.internal.reflect.NativeMethodAccessorImpl.invoke0(Native Method)
		at java.base/jdk.internal.reflect.NativeMethodAccessorImpl.invoke(NativeMethodAccessorImpl.java:77)
		at java.base/jdk.internal.reflect.DelegatingMethodAccessorImpl.invoke(DelegatingMethodAccessorImpl.java:43)
		at java.base/java.lang.reflect.Method.invoke(Method.java:568)
		at org.apache.catalina.startup.Bootstrap.load(Bootstrap.java:302)
		at org.apache.catalina.startup.Bootstrap.main(Bootstrap.java:472)
	Caused by: java.net.BindException: Address already in use: bind
		at java.base/sun.nio.ch.Net.bind0(Native Method)
		at java.base/sun.nio.ch.Net.bind(Net.java:555)
		at java.base/sun.nio.ch.ServerSocketChannelImpl.netBind(ServerSocketChannelImpl.java:337)
		at java.base/sun.nio.ch.ServerSocketChannelImpl.bind(ServerSocketChannelImpl.java:294)
		at org.apache.tomcat.util.net.NioEndpoint.initServerSocket(NioEndpoint.java:239)
		at org.apache.tomcat.util.net.NioEndpoint.bind(NioEndpoint.java:194)
		at org.apache.tomcat.util.net.AbstractEndpoint.bindWithCleanup(AbstractEndpoint.java:1307)
		at org.apache.tomcat.util.net.AbstractEndpoint.init(AbstractEndpoint.java:1320)
		at org.apache.coyote.AbstractProtocol.init(AbstractProtocol.java:624)
		at org.apache.coyote.http11.AbstractHttp11Protocol.init(AbstractHttp11Protocol.java:77)
		at org.apache.catalina.connector.Connector.initInternal(Connector.java:1014)
		... 13 more
30-Mar-2024 16:29:36.736 INFO [main] org.apache.catalina.startup.Catalina.load Server initialization in [373] milliseconds
30-Mar-2024 16:29:36.792 INFO [main] org.apache.catalina.core.StandardService.startInternal Starting service [Catalina]
30-Mar-2024 16:29:36.792 INFO [main] org.apache.catalina.core.StandardEngine.startInternal Starting Servlet engine: [Apache Tomcat/10.1.20]
30-Mar-2024 16:29:36.803 INFO [main] org.apache.catalina.startup.HostConfig.deployDescriptor Deploying deployment descriptor [E:\Lessons\Java-lessons\java lessons\HW10\catalina\conf\Catalina\localhost\test.xml]
30-Mar-2024 16:29:37.184 INFO [main] org.apache.catalina.startup.HostConfig.deployDescriptor Deployment of deployment descriptor [E:\Lessons\Java-lessons\java lessons\HW10\catalina\conf\Catalina\localhost\test.xml] has finished in [381] ms
30-Mar-2024 16:29:37.189 INFO [main] org.apache.catalina.startup.Catalina.start Server startup in [452] milliseconds
30-Mar-2024 16:29:53.002 INFO [Thread-1] org.apache.coyote.AbstractProtocol.pause Pausing ProtocolHandler ["http-nio-8080"]
30-Mar-2024 16:29:53.002 INFO [Thread-1] org.apache.catalina.core.StandardService.stopInternal Stopping service [Catalina]
30-Mar-2024 16:29:53.010 INFO [Thread-1] org.apache.coyote.AbstractProtocol.stop Stopping ProtocolHandler ["http-nio-8080"]
30-Mar-2024 16:29:53.010 INFO [Thread-1] org.apache.coyote.AbstractProtocol.destroy Destroying ProtocolHandler ["http-nio-8080"]
30-Mar-2024 16:55:30.699 INFO [main] org.apache.catalina.startup.VersionLoggerListener.log Server version name:   Apache Tomcat/10.1.20
30-Mar-2024 16:55:30.702 INFO [main] org.apache.catalina.startup.VersionLoggerListener.log Server built:          Mar 19 2024 12:49:58 UTC
30-Mar-2024 16:55:30.703 INFO [main] org.apache.catalina.startup.VersionLoggerListener.log Server version number: 10.1.20.0
30-Mar-2024 16:55:30.703 INFO [main] org.apache.catalina.startup.VersionLoggerListener.log OS Name:               Windows 10
30-Mar-2024 16:55:30.703 INFO [main] org.apache.catalina.startup.VersionLoggerListener.log OS Version:            10.0
30-Mar-2024 16:55:30.703 INFO [main] org.apache.catalina.startup.VersionLoggerListener.log Architecture:          amd64
30-Mar-2024 16:55:30.703 INFO [main] org.apache.catalina.startup.VersionLoggerListener.log Java Home:             C:\Program Files\Java\jdk-17
30-Mar-2024 16:55:30.703 INFO [main] org.apache.catalina.startup.VersionLoggerListener.log JVM Version:           17.0.8+9-LTS-211
30-Mar-2024 16:55:30.703 INFO [main] org.apache.catalina.startup.VersionLoggerListener.log JVM Vendor:            Oracle Corporation
30-Mar-2024 16:55:30.703 INFO [main] org.apache.catalina.startup.VersionLoggerListener.log CATALINA_BASE:         E:\Lessons\Java-lessons\java lessons\HW10\catalina
30-Mar-2024 16:55:30.704 INFO [main] org.apache.catalina.startup.VersionLoggerListener.log CATALINA_HOME:         E:\tomcat
30-Mar-2024 16:55:30.710 INFO [main] org.apache.catalina.startup.VersionLoggerListener.log Command line argument: --add-opens=java.base/java.lang=ALL-UNNAMED
30-Mar-2024 16:55:30.711 INFO [main] org.apache.catalina.startup.VersionLoggerListener.log Command line argument: --add-opens=java.base/java.io=ALL-UNNAMED
30-Mar-2024 16:55:30.711 INFO [main] org.apache.catalina.startup.VersionLoggerListener.log Command line argument: --add-opens=java.base/java.util=ALL-UNNAMED
30-Mar-2024 16:55:30.711 INFO [main] org.apache.catalina.startup.VersionLoggerListener.log Command line argument: --add-opens=java.base/java.util.concurrent=ALL-UNNAMED
30-Mar-2024 16:55:30.711 INFO [main] org.apache.catalina.startup.VersionLoggerListener.log Command line argument: --add-opens=java.rmi/sun.rmi.transport=ALL-UNNAMED
30-Mar-2024 16:55:30.711 INFO [main] org.apache.catalina.startup.VersionLoggerListener.log Command line argument: -Dcatalina.home=E:\tomcat
30-Mar-2024 16:55:30.711 INFO [main] org.apache.catalina.startup.VersionLoggerListener.log Command line argument: -Dcatalina.base=E:\Lessons\Java-lessons\java lessons\HW10\catalina
30-Mar-2024 16:55:30.711 INFO [main] org.apache.catalina.startup.VersionLoggerListener.log Command line argument: -Djava.io.tmpdir=E:\Lessons\Java-lessons\java lessons\HW10\catalina\temp
30-Mar-2024 16:55:30.711 INFO [main] org.apache.catalina.startup.VersionLoggerListener.log Command line argument: -Djava.util.logging.config.file=E:\Lessons\Java-lessons\java lessons\HW10\catalina\conf\logging.properties
30-Mar-2024 16:55:30.711 INFO [main] org.apache.catalina.startup.VersionLoggerListener.log Command line argument: -Djava.util.logging.manager=org.apache.juli.ClassLoaderLogManager
30-Mar-2024 16:55:30.711 INFO [main] org.apache.catalina.startup.VersionLoggerListener.log Command line argument: -javaagent:E:\progs\IntelliJ IDEA\IntelliJ IDEA Community Edition 2023.3\lib\idea_rt.jar=57829:E:\progs\IntelliJ IDEA\IntelliJ IDEA Community Edition 2023.3\bin
30-Mar-2024 16:55:30.711 INFO [main] org.apache.catalina.startup.VersionLoggerListener.log Command line argument: -Dfile.encoding=UTF-8
30-Mar-2024 16:55:30.721 INFO [main] org.apache.catalina.core.AprLifecycleListener.lifecycleEvent The Apache Tomcat Native library which allows using OpenSSL was not found on the java.library.path: [C:\Program Files\Java\jdk-17\bin;C:\Windows\Sun\Java\bin;C:\Windows\system32;C:\Windows;C:\Program Files\Common Files\Oracle\Java\javapath;C:\ProgramData\Oracle\Java\javapath;C:\Windows\system32;C:\Windows;C:\Windows\System32\Wbem;C:\Windows\System32\WindowsPowerShell\v1.0\;C:\Windows\System32\OpenSSH\;C:\Program Files (x86)\dotnet\;C:\Program Files\Java\jdk-17\\bin;E:\progs\MavenApache\apache-maven-3.9.6\bin;E:\progs\Gradle\gradle-8.5-all\gradle-8.5\bin;;C:\Program Files\Docker\Docker\resources\bin;C:\Users\Аліна\AppData\Local\Microsoft\WindowsApps;E:\приватка\GenshinAttributes-20220607T194157Z-001\Fiddler;E:\вектор\Microsoft VS Code\bin;C:\Users\Аліна\AppData\Local\GitHubDesktop\bin;C:\Users\Аліна\AppData\Local\Programs\Git\cmd;.]
30-Mar-2024 16:55:30.915 INFO [main] org.apache.coyote.AbstractProtocol.init Initializing ProtocolHandler ["http-nio-8080"]
30-Mar-2024 16:55:30.926 SEVERE [main] org.apache.catalina.util.LifecycleBase.handleSubClassException Failed to initialize component [Connector["http-nio-8080"]]
	org.apache.catalina.LifecycleException: Protocol handler initialization failed
		at org.apache.catalina.connector.Connector.initInternal(Connector.java:1016)
		at org.apache.catalina.util.LifecycleBase.init(LifecycleBase.java:127)
		at org.apache.catalina.core.StandardService.initInternal(StandardService.java:554)
		at org.apache.catalina.util.LifecycleBase.init(LifecycleBase.java:127)
		at org.apache.catalina.core.StandardServer.initInternal(StandardServer.java:1017)
		at org.apache.catalina.util.LifecycleBase.init(LifecycleBase.java:127)
		at org.apache.catalina.startup.Catalina.load(Catalina.java:708)
		at org.apache.catalina.startup.Catalina.load(Catalina.java:731)
		at java.base/jdk.internal.reflect.NativeMethodAccessorImpl.invoke0(Native Method)
		at java.base/jdk.internal.reflect.NativeMethodAccessorImpl.invoke(NativeMethodAccessorImpl.java:77)
		at java.base/jdk.internal.reflect.DelegatingMethodAccessorImpl.invoke(DelegatingMethodAccessorImpl.java:43)
		at java.base/java.lang.reflect.Method.invoke(Method.java:568)
		at org.apache.catalina.startup.Bootstrap.load(Bootstrap.java:302)
		at org.apache.catalina.startup.Bootstrap.main(Bootstrap.java:472)
	Caused by: java.net.BindException: Address already in use: bind
		at java.base/sun.nio.ch.Net.bind0(Native Method)
		at java.base/sun.nio.ch.Net.bind(Net.java:555)
		at java.base/sun.nio.ch.ServerSocketChannelImpl.netBind(ServerSocketChannelImpl.java:337)
		at java.base/sun.nio.ch.ServerSocketChannelImpl.bind(ServerSocketChannelImpl.java:294)
		at org.apache.tomcat.util.net.NioEndpoint.initServerSocket(NioEndpoint.java:239)
		at org.apache.tomcat.util.net.NioEndpoint.bind(NioEndpoint.java:194)
		at org.apache.tomcat.util.net.AbstractEndpoint.bindWithCleanup(AbstractEndpoint.java:1307)
		at org.apache.tomcat.util.net.AbstractEndpoint.init(AbstractEndpoint.java:1320)
		at org.apache.coyote.AbstractProtocol.init(AbstractProtocol.java:624)
		at org.apache.coyote.http11.AbstractHttp11Protocol.init(AbstractHttp11Protocol.java:77)
		at org.apache.catalina.connector.Connector.initInternal(Connector.java:1014)
		... 13 more
30-Mar-2024 16:55:30.928 INFO [main] org.apache.catalina.startup.Catalina.load Server initialization in [367] milliseconds
30-Mar-2024 16:55:30.981 INFO [main] org.apache.catalina.core.StandardService.startInternal Starting service [Catalina]
30-Mar-2024 16:55:30.981 INFO [main] org.apache.catalina.core.StandardEngine.startInternal Starting Servlet engine: [Apache Tomcat/10.1.20]
30-Mar-2024 16:55:30.994 INFO [main] org.apache.catalina.startup.HostConfig.deployDescriptor Deploying deployment descriptor [E:\Lessons\Java-lessons\java lessons\HW10\catalina\conf\Catalina\localhost\test.xml]
30-Mar-2024 16:55:31.376 INFO [main] org.apache.catalina.startup.HostConfig.deployDescriptor Deployment of deployment descriptor [E:\Lessons\Java-lessons\java lessons\HW10\catalina\conf\Catalina\localhost\test.xml] has finished in [382] ms
30-Mar-2024 16:55:31.380 INFO [main] org.apache.catalina.startup.Catalina.start Server startup in [452] milliseconds
30-Mar-2024 16:55:42.403 INFO [Thread-1] org.apache.coyote.AbstractProtocol.pause Pausing ProtocolHandler ["http-nio-8080"]
30-Mar-2024 16:55:42.403 INFO [Thread-1] org.apache.catalina.core.StandardService.stopInternal Stopping service [Catalina]
30-Mar-2024 16:55:42.411 INFO [Thread-1] org.apache.coyote.AbstractProtocol.stop Stopping ProtocolHandler ["http-nio-8080"]
30-Mar-2024 16:55:42.412 INFO [Thread-1] org.apache.coyote.AbstractProtocol.destroy Destroying ProtocolHandler ["http-nio-8080"]
30-Mar-2024 17:17:23.914 INFO [main] org.apache.catalina.startup.VersionLoggerListener.log Server version name:   Apache Tomcat/10.1.20
30-Mar-2024 17:17:23.918 INFO [main] org.apache.catalina.startup.VersionLoggerListener.log Server built:          Mar 19 2024 12:49:58 UTC
30-Mar-2024 17:17:23.918 INFO [main] org.apache.catalina.startup.VersionLoggerListener.log Server version number: 10.1.20.0
30-Mar-2024 17:17:23.918 INFO [main] org.apache.catalina.startup.VersionLoggerListener.log OS Name:               Windows 10
30-Mar-2024 17:17:23.918 INFO [main] org.apache.catalina.startup.VersionLoggerListener.log OS Version:            10.0
30-Mar-2024 17:17:23.918 INFO [main] org.apache.catalina.startup.VersionLoggerListener.log Architecture:          amd64
30-Mar-2024 17:17:23.918 INFO [main] org.apache.catalina.startup.VersionLoggerListener.log Java Home:             C:\Program Files\Java\jdk-17
30-Mar-2024 17:17:23.918 INFO [main] org.apache.catalina.startup.VersionLoggerListener.log JVM Version:           17.0.8+9-LTS-211
30-Mar-2024 17:17:23.918 INFO [main] org.apache.catalina.startup.VersionLoggerListener.log JVM Vendor:            Oracle Corporation
30-Mar-2024 17:17:23.918 INFO [main] org.apache.catalina.startup.VersionLoggerListener.log CATALINA_BASE:         E:\Lessons\Java-lessons\java lessons\HW10\catalina
30-Mar-2024 17:17:23.918 INFO [main] org.apache.catalina.startup.VersionLoggerListener.log CATALINA_HOME:         E:\tomcat
30-Mar-2024 17:17:23.925 INFO [main] org.apache.catalina.startup.VersionLoggerListener.log Command line argument: --add-opens=java.base/java.lang=ALL-UNNAMED
30-Mar-2024 17:17:23.925 INFO [main] org.apache.catalina.startup.VersionLoggerListener.log Command line argument: --add-opens=java.base/java.io=ALL-UNNAMED
30-Mar-2024 17:17:23.925 INFO [main] org.apache.catalina.startup.VersionLoggerListener.log Command line argument: --add-opens=java.base/java.util=ALL-UNNAMED
30-Mar-2024 17:17:23.925 INFO [main] org.apache.catalina.startup.VersionLoggerListener.log Command line argument: --add-opens=java.base/java.util.concurrent=ALL-UNNAMED
30-Mar-2024 17:17:23.926 INFO [main] org.apache.catalina.startup.VersionLoggerListener.log Command line argument: --add-opens=java.rmi/sun.rmi.transport=ALL-UNNAMED
30-Mar-2024 17:17:23.926 INFO [main] org.apache.catalina.startup.VersionLoggerListener.log Command line argument: -Dcatalina.home=E:\tomcat
30-Mar-2024 17:17:23.926 INFO [main] org.apache.catalina.startup.VersionLoggerListener.log Command line argument: -Dcatalina.base=E:\Lessons\Java-lessons\java lessons\HW10\catalina
30-Mar-2024 17:17:23.926 INFO [main] org.apache.catalina.startup.VersionLoggerListener.log Command line argument: -Djava.io.tmpdir=E:\Lessons\Java-lessons\java lessons\HW10\catalina\temp
30-Mar-2024 17:17:23.926 INFO [main] org.apache.catalina.startup.VersionLoggerListener.log Command line argument: -Djava.util.logging.config.file=E:\Lessons\Java-lessons\java lessons\HW10\catalina\conf\logging.properties
30-Mar-2024 17:17:23.926 INFO [main] org.apache.catalina.startup.VersionLoggerListener.log Command line argument: -Djava.util.logging.manager=org.apache.juli.ClassLoaderLogManager
30-Mar-2024 17:17:23.926 INFO [main] org.apache.catalina.startup.VersionLoggerListener.log Command line argument: -javaagent:E:\progs\IntelliJ IDEA\IntelliJ IDEA Community Edition 2023.3\lib\idea_rt.jar=58021:E:\progs\IntelliJ IDEA\IntelliJ IDEA Community Edition 2023.3\bin
30-Mar-2024 17:17:23.926 INFO [main] org.apache.catalina.startup.VersionLoggerListener.log Command line argument: -Dfile.encoding=UTF-8
30-Mar-2024 17:17:23.937 INFO [main] org.apache.catalina.core.AprLifecycleListener.lifecycleEvent The Apache Tomcat Native library which allows using OpenSSL was not found on the java.library.path: [C:\Program Files\Java\jdk-17\bin;C:\Windows\Sun\Java\bin;C:\Windows\system32;C:\Windows;C:\Program Files\Common Files\Oracle\Java\javapath;C:\ProgramData\Oracle\Java\javapath;C:\Windows\system32;C:\Windows;C:\Windows\System32\Wbem;C:\Windows\System32\WindowsPowerShell\v1.0\;C:\Windows\System32\OpenSSH\;C:\Program Files (x86)\dotnet\;C:\Program Files\Java\jdk-17\\bin;E:\progs\MavenApache\apache-maven-3.9.6\bin;E:\progs\Gradle\gradle-8.5-all\gradle-8.5\bin;;C:\Program Files\Docker\Docker\resources\bin;C:\Users\Аліна\AppData\Local\Microsoft\WindowsApps;E:\приватка\GenshinAttributes-20220607T194157Z-001\Fiddler;E:\вектор\Microsoft VS Code\bin;C:\Users\Аліна\AppData\Local\GitHubDesktop\bin;C:\Users\Аліна\AppData\Local\Programs\Git\cmd;.]
30-Mar-2024 17:17:24.142 INFO [main] org.apache.coyote.AbstractProtocol.init Initializing ProtocolHandler ["http-nio-8080"]
30-Mar-2024 17:17:24.151 SEVERE [main] org.apache.catalina.util.LifecycleBase.handleSubClassException Failed to initialize component [Connector["http-nio-8080"]]
	org.apache.catalina.LifecycleException: Protocol handler initialization failed
		at org.apache.catalina.connector.Connector.initInternal(Connector.java:1016)
		at org.apache.catalina.util.LifecycleBase.init(LifecycleBase.java:127)
		at org.apache.catalina.core.StandardService.initInternal(StandardService.java:554)
		at org.apache.catalina.util.LifecycleBase.init(LifecycleBase.java:127)
		at org.apache.catalina.core.StandardServer.initInternal(StandardServer.java:1017)
		at org.apache.catalina.util.LifecycleBase.init(LifecycleBase.java:127)
		at org.apache.catalina.startup.Catalina.load(Catalina.java:708)
		at org.apache.catalina.startup.Catalina.load(Catalina.java:731)
		at java.base/jdk.internal.reflect.NativeMethodAccessorImpl.invoke0(Native Method)
		at java.base/jdk.internal.reflect.NativeMethodAccessorImpl.invoke(NativeMethodAccessorImpl.java:77)
		at java.base/jdk.internal.reflect.DelegatingMethodAccessorImpl.invoke(DelegatingMethodAccessorImpl.java:43)
		at java.base/java.lang.reflect.Method.invoke(Method.java:568)
		at org.apache.catalina.startup.Bootstrap.load(Bootstrap.java:302)
		at org.apache.catalina.startup.Bootstrap.main(Bootstrap.java:472)
	Caused by: java.net.BindException: Address already in use: bind
		at java.base/sun.nio.ch.Net.bind0(Native Method)
		at java.base/sun.nio.ch.Net.bind(Net.java:555)
		at java.base/sun.nio.ch.ServerSocketChannelImpl.netBind(ServerSocketChannelImpl.java:337)
		at java.base/sun.nio.ch.ServerSocketChannelImpl.bind(ServerSocketChannelImpl.java:294)
		at org.apache.tomcat.util.net.NioEndpoint.initServerSocket(NioEndpoint.java:239)
		at org.apache.tomcat.util.net.NioEndpoint.bind(NioEndpoint.java:194)
		at org.apache.tomcat.util.net.AbstractEndpoint.bindWithCleanup(AbstractEndpoint.java:1307)
		at org.apache.tomcat.util.net.AbstractEndpoint.init(AbstractEndpoint.java:1320)
		at org.apache.coyote.AbstractProtocol.init(AbstractProtocol.java:624)
		at org.apache.coyote.http11.AbstractHttp11Protocol.init(AbstractHttp11Protocol.java:77)
		at org.apache.catalina.connector.Connector.initInternal(Connector.java:1014)
		... 13 more
30-Mar-2024 17:17:24.153 INFO [main] org.apache.catalina.startup.Catalina.load Server initialization in [388] milliseconds
30-Mar-2024 17:17:24.202 INFO [main] org.apache.catalina.core.StandardService.startInternal Starting service [Catalina]
30-Mar-2024 17:17:24.202 INFO [main] org.apache.catalina.core.StandardEngine.startInternal Starting Servlet engine: [Apache Tomcat/10.1.20]
30-Mar-2024 17:17:24.214 INFO [main] org.apache.catalina.startup.HostConfig.deployDescriptor Deploying deployment descriptor [E:\Lessons\Java-lessons\java lessons\HW10\catalina\conf\Catalina\localhost\test.xml]
30-Mar-2024 17:17:24.569 INFO [main] org.apache.catalina.startup.HostConfig.deployDescriptor Deployment of deployment descriptor [E:\Lessons\Java-lessons\java lessons\HW10\catalina\conf\Catalina\localhost\test.xml] has finished in [355] ms
30-Mar-2024 17:17:24.573 INFO [main] org.apache.catalina.startup.Catalina.start Server startup in [419] milliseconds
30-Mar-2024 17:17:25.445 INFO [Thread-1] org.apache.coyote.AbstractProtocol.pause Pausing ProtocolHandler ["http-nio-8080"]
30-Mar-2024 17:17:25.446 INFO [Thread-1] org.apache.catalina.core.StandardService.stopInternal Stopping service [Catalina]
30-Mar-2024 17:17:25.455 INFO [Thread-1] org.apache.coyote.AbstractProtocol.stop Stopping ProtocolHandler ["http-nio-8080"]
30-Mar-2024 17:17:25.455 INFO [Thread-1] org.apache.coyote.AbstractProtocol.destroy Destroying ProtocolHandler ["http-nio-8080"]
